0 info it worked if it ends with ok
1 verbose cli [ 'node', '/usr/local/bin/npm', 'install', 'qr-js' ]
2 info using npm@3.8.0
3 info using node@v0.10.25
4 verbose node symlink /usr/bin/node
5 silly loadCurrentTree Starting
6 silly install loadCurrentTree
7 silly install readLocalPackageData
8 silly fetchPackageMetaData qr-js
9 silly fetchNamedPackageData qr-js
10 silly mapToRegistry name qr-js
11 silly mapToRegistry using default registry
12 silly mapToRegistry registry https://registry.npmjs.org/
13 silly mapToRegistry uri https://registry.npmjs.org/qr-js
14 verbose request uri https://registry.npmjs.org/qr-js
15 verbose request no auth needed
16 info attempt registry request try #1 at 11:57:18
17 verbose request id 5b11f0e190076787
18 verbose etag "2NXVB67GCSFXLTBMZEBANFKZ4"
19 http request GET https://registry.npmjs.org/qr-js
20 http 304 https://registry.npmjs.org/qr-js
21 verbose headers { date: 'Tue, 08 Mar 2016 09:57:19 GMT',
21 verbose headers   via: '1.1 varnish',
21 verbose headers   'cache-control': 'max-age=300',
21 verbose headers   etag: '"2NXVB67GCSFXLTBMZEBANFKZ4"',
21 verbose headers   age: '124',
21 verbose headers   connection: 'keep-alive',
21 verbose headers   'x-served-by': 'cache-lhr6323-LHR',
21 verbose headers   'x-cache': 'HIT',
21 verbose headers   'x-cache-hits': '1',
21 verbose headers   'x-timer': 'S1457431039.717355,VS0,VE0',
21 verbose headers   vary: 'Accept' }
22 silly get cb [ 304,
22 silly get   { date: 'Tue, 08 Mar 2016 09:57:19 GMT',
22 silly get     via: '1.1 varnish',
22 silly get     'cache-control': 'max-age=300',
22 silly get     etag: '"2NXVB67GCSFXLTBMZEBANFKZ4"',
22 silly get     age: '124',
22 silly get     connection: 'keep-alive',
22 silly get     'x-served-by': 'cache-lhr6323-LHR',
22 silly get     'x-cache': 'HIT',
22 silly get     'x-cache-hits': '1',
22 silly get     'x-timer': 'S1457431039.717355,VS0,VE0',
22 silly get     vary: 'Accept' } ]
23 verbose etag https://registry.npmjs.org/qr-js from cache
24 verbose get saving qr-js to /home/up4all/.npm/registry.npmjs.org/qr-js/.cache.json
25 verbose correctMkdir /home/up4all/.npm correctMkdir not in flight; initializing
26 silly install normalizeTree
27 silly loadCurrentTree Finishing
28 silly loadIdealTree Starting
29 silly install loadIdealTree
30 silly cloneCurrentTree Starting
31 silly install cloneCurrentTreeToIdealTree
32 silly cloneCurrentTree Finishing
33 silly loadShrinkwrap Starting
34 silly install loadShrinkwrap
35 silly loadShrinkwrap Finishing
36 silly loadAllDepsIntoIdealTree Starting
37 silly install loadAllDepsIntoIdealTree
38 silly resolveWithNewModule qr-js@1.1.4 checking installable status
39 silly cache add args [ 'qr-js', null ]
40 verbose cache add spec qr-js
41 silly cache add parsed spec { raw: 'qr-js',
41 silly cache add   scope: null,
41 silly cache add   name: 'qr-js',
41 silly cache add   rawSpec: '',
41 silly cache add   spec: 'latest',
41 silly cache add   type: 'tag' }
42 silly addNamed qr-js@latest
43 verbose addNamed "latest" is being treated as a dist-tag for qr-js
44 info addNameTag [ 'qr-js', 'latest' ]
45 silly mapToRegistry name qr-js
46 silly mapToRegistry using default registry
47 silly mapToRegistry registry https://registry.npmjs.org/
48 silly mapToRegistry uri https://registry.npmjs.org/qr-js
49 verbose addNameTag registry:https://registry.npmjs.org/qr-js not in flight; fetching
50 verbose get https://registry.npmjs.org/qr-js not expired, no request
51 silly addNameTag next cb for qr-js with tag latest
52 silly addNamed qr-js@1.1.4
53 verbose addNamed "1.1.4" is a plain semver version for qr-js
54 silly cache afterAdd qr-js@1.1.4
55 verbose afterAdd /home/up4all/.npm/qr-js/1.1.4/package/package.json not in flight; writing
56 verbose correctMkdir /home/up4all/.npm correctMkdir not in flight; initializing
57 verbose afterAdd /home/up4all/.npm/qr-js/1.1.4/package/package.json written
58 silly fetchNamedPackageData canvas
59 silly mapToRegistry name canvas
60 silly mapToRegistry using default registry
61 silly mapToRegistry registry https://registry.npmjs.org/
62 silly mapToRegistry uri https://registry.npmjs.org/canvas
63 verbose request uri https://registry.npmjs.org/canvas
64 verbose request no auth needed
65 info attempt registry request try #1 at 11:57:20
66 verbose etag "SC6JMYL2JB6VC069IU7ALWAL"
67 http request GET https://registry.npmjs.org/canvas
68 http 304 https://registry.npmjs.org/canvas
69 verbose headers { date: 'Tue, 08 Mar 2016 09:57:20 GMT',
69 verbose headers   via: '1.1 varnish',
69 verbose headers   'cache-control': 'max-age=300',
69 verbose headers   etag: '"SC6JMYL2JB6VC069IU7ALWAL"',
69 verbose headers   age: '281',
69 verbose headers   connection: 'keep-alive',
69 verbose headers   'x-served-by': 'cache-lhr6321-LHR',
69 verbose headers   'x-cache': 'HIT',
69 verbose headers   'x-cache-hits': '2',
69 verbose headers   'x-timer': 'S1457431040.957203,VS0,VE0',
69 verbose headers   vary: 'Accept' }
70 silly get cb [ 304,
70 silly get   { date: 'Tue, 08 Mar 2016 09:57:20 GMT',
70 silly get     via: '1.1 varnish',
70 silly get     'cache-control': 'max-age=300',
70 silly get     etag: '"SC6JMYL2JB6VC069IU7ALWAL"',
70 silly get     age: '281',
70 silly get     connection: 'keep-alive',
70 silly get     'x-served-by': 'cache-lhr6321-LHR',
70 silly get     'x-cache': 'HIT',
70 silly get     'x-cache-hits': '2',
70 silly get     'x-timer': 'S1457431040.957203,VS0,VE0',
70 silly get     vary: 'Accept' } ]
71 verbose etag https://registry.npmjs.org/canvas from cache
72 verbose get saving canvas to /home/up4all/.npm/registry.npmjs.org/canvas/.cache.json
73 verbose correctMkdir /home/up4all/.npm correctMkdir not in flight; initializing
74 silly resolveWithNewModule canvas@1.3.12 checking installable status
75 silly cache add args [ 'canvas@^1.3.1', null ]
76 verbose cache add spec canvas@^1.3.1
77 silly cache add parsed spec { raw: 'canvas@^1.3.1',
77 silly cache add   scope: null,
77 silly cache add   name: 'canvas',
77 silly cache add   rawSpec: '^1.3.1',
77 silly cache add   spec: '>=1.3.1 <2.0.0',
77 silly cache add   type: 'range' }
78 silly addNamed canvas@>=1.3.1 <2.0.0
79 verbose addNamed ">=1.3.1 <2.0.0" is a valid semver range for canvas
80 silly addNameRange { name: 'canvas', range: '>=1.3.1 <2.0.0', hasData: false }
81 silly mapToRegistry name canvas
82 silly mapToRegistry using default registry
83 silly mapToRegistry registry https://registry.npmjs.org/
84 silly mapToRegistry uri https://registry.npmjs.org/canvas
85 verbose addNameRange registry:https://registry.npmjs.org/canvas not in flight; fetching
86 verbose get https://registry.npmjs.org/canvas not expired, no request
87 silly addNameRange number 2 { name: 'canvas', range: '>=1.3.1 <2.0.0', hasData: true }
88 silly addNameRange versions [ 'canvas',
88 silly addNameRange   [ '0.0.1',
88 silly addNameRange     '0.0.2',
88 silly addNameRange     '0.0.3',
88 silly addNameRange     '0.0.4',
88 silly addNameRange     '0.0.5',
88 silly addNameRange     '0.0.6',
88 silly addNameRange     '0.0.7',
88 silly addNameRange     '0.0.8',
88 silly addNameRange     '0.1.0',
88 silly addNameRange     '0.2.0',
88 silly addNameRange     '0.2.1',
88 silly addNameRange     '0.3.0',
88 silly addNameRange     '0.3.1',
88 silly addNameRange     '0.3.2',
88 silly addNameRange     '0.3.3',
88 silly addNameRange     '0.4.0',
88 silly addNameRange     '0.4.1',
88 silly addNameRange     '0.4.2',
88 silly addNameRange     '0.4.3',
88 silly addNameRange     '0.5.0',
88 silly addNameRange     '0.5.1',
88 silly addNameRange     '0.5.2',
88 silly addNameRange     '0.5.3',
88 silly addNameRange     '0.5.4',
88 silly addNameRange     '0.6.0',
88 silly addNameRange     '0.7.0',
88 silly addNameRange     '0.7.1',
88 silly addNameRange     '0.7.2',
88 silly addNameRange     '0.7.3',
88 silly addNameRange     '0.8.0',
88 silly addNameRange     '0.8.1',
88 silly addNameRange     '0.8.2',
88 silly addNameRange     '0.8.3',
88 silly addNameRange     '0.9.0',
88 silly addNameRange     '0.10.0',
88 silly addNameRange     '0.10.1',
88 silly addNameRange     '0.10.2',
88 silly addNameRange     '0.10.3',
88 silly addNameRange     '0.11.0',
88 silly addNameRange     '0.11.1',
88 silly addNameRange     '0.11.2',
88 silly addNameRange     '0.11.3',
88 silly addNameRange     '0.12.0',
88 silly addNameRange     '0.12.1',
88 silly addNameRange     '0.13.0',
88 silly addNameRange     '0.13.1',
88 silly addNameRange     '1.0.0',
88 silly addNameRange     '1.0.1',
88 silly addNameRange     '1.0.2',
88 silly addNameRange     '1.0.3',
88 silly addNameRange     '1.0.4',
88 silly addNameRange     '1.1.0',
88 silly addNameRange     '1.1.1',
88 silly addNameRange     '1.1.2',
88 silly addNameRange     '1.1.3',
88 silly addNameRange     '1.1.4',
88 silly addNameRange     '1.1.5',
88 silly addNameRange     '1.1.6',
88 silly addNameRange     '1.2.0',
88 silly addNameRange     '1.2.1',
88 silly addNameRange     '1.2.2',
88 silly addNameRange     '1.2.3',
88 silly addNameRange     '1.2.4',
88 silly addNameRange     '1.2.5',
88 silly addNameRange     '1.2.6',
88 silly addNameRange     '1.2.7',
88 silly addNameRange     '1.2.8',
88 silly addNameRange     '1.2.9',
88 silly addNameRange     '1.2.10',
88 silly addNameRange     '1.2.11',
88 silly addNameRange     '1.3.0',
88 silly addNameRange     '1.3.1',
88 silly addNameRange     '1.3.2',
88 silly addNameRange     '1.3.3',
88 silly addNameRange     '1.3.4',
88 silly addNameRange     '1.3.5',
88 silly addNameRange     '1.3.6',
88 silly addNameRange     '1.3.7',
88 silly addNameRange     '1.3.8',
88 silly addNameRange     '1.3.9',
88 silly addNameRange     '1.3.10',
88 silly addNameRange     '1.3.11',
88 silly addNameRange     '1.3.12' ] ]
89 silly addNamed canvas@1.3.12
90 verbose addNamed "1.3.12" is a plain semver version for canvas
91 silly cache afterAdd canvas@1.3.12
92 verbose afterAdd /home/up4all/.npm/canvas/1.3.12/package/package.json not in flight; writing
93 verbose correctMkdir /home/up4all/.npm correctMkdir not in flight; initializing
94 verbose afterAdd /home/up4all/.npm/canvas/1.3.12/package/package.json written
95 silly fetchNamedPackageData nan
96 silly mapToRegistry name nan
97 silly mapToRegistry using default registry
98 silly mapToRegistry registry https://registry.npmjs.org/
99 silly mapToRegistry uri https://registry.npmjs.org/nan
100 verbose request uri https://registry.npmjs.org/nan
101 verbose request no auth needed
102 info attempt registry request try #1 at 11:57:21
103 verbose etag "BAVERG4EG5W3XHF012VJBMBOB"
104 http request GET https://registry.npmjs.org/nan
105 http 304 https://registry.npmjs.org/nan
106 verbose headers { date: 'Tue, 08 Mar 2016 09:57:21 GMT',
106 verbose headers   via: '1.1 varnish',
106 verbose headers   'cache-control': 'max-age=300',
106 verbose headers   etag: '"BAVERG4EG5W3XHF012VJBMBOB"',
106 verbose headers   age: '101',
106 verbose headers   connection: 'keep-alive',
106 verbose headers   'x-served-by': 'cache-lhr6334-LHR',
106 verbose headers   'x-cache': 'HIT',
106 verbose headers   'x-cache-hits': '2',
106 verbose headers   'x-timer': 'S1457431041.992460,VS0,VE0',
106 verbose headers   vary: 'Accept' }
107 silly get cb [ 304,
107 silly get   { date: 'Tue, 08 Mar 2016 09:57:21 GMT',
107 silly get     via: '1.1 varnish',
107 silly get     'cache-control': 'max-age=300',
107 silly get     etag: '"BAVERG4EG5W3XHF012VJBMBOB"',
107 silly get     age: '101',
107 silly get     connection: 'keep-alive',
107 silly get     'x-served-by': 'cache-lhr6334-LHR',
107 silly get     'x-cache': 'HIT',
107 silly get     'x-cache-hits': '2',
107 silly get     'x-timer': 'S1457431041.992460,VS0,VE0',
107 silly get     vary: 'Accept' } ]
108 verbose etag https://registry.npmjs.org/nan from cache
109 verbose get saving nan to /home/up4all/.npm/registry.npmjs.org/nan/.cache.json
110 verbose correctMkdir /home/up4all/.npm correctMkdir not in flight; initializing
111 silly resolveWithNewModule nan@2.2.0 checking installable status
112 silly cache add args [ 'nan@^2.1.0', null ]
113 verbose cache add spec nan@^2.1.0
114 silly cache add parsed spec { raw: 'nan@^2.1.0',
114 silly cache add   scope: null,
114 silly cache add   name: 'nan',
114 silly cache add   rawSpec: '^2.1.0',
114 silly cache add   spec: '>=2.1.0 <3.0.0',
114 silly cache add   type: 'range' }
115 silly addNamed nan@>=2.1.0 <3.0.0
116 verbose addNamed ">=2.1.0 <3.0.0" is a valid semver range for nan
117 silly addNameRange { name: 'nan', range: '>=2.1.0 <3.0.0', hasData: false }
118 silly mapToRegistry name nan
119 silly mapToRegistry using default registry
120 silly mapToRegistry registry https://registry.npmjs.org/
121 silly mapToRegistry uri https://registry.npmjs.org/nan
122 verbose addNameRange registry:https://registry.npmjs.org/nan not in flight; fetching
123 verbose get https://registry.npmjs.org/nan not expired, no request
124 silly addNameRange number 2 { name: 'nan', range: '>=2.1.0 <3.0.0', hasData: true }
125 silly addNameRange versions [ 'nan',
125 silly addNameRange   [ '0.3.0-wip',
125 silly addNameRange     '0.3.0-wip2',
125 silly addNameRange     '0.3.0',
125 silly addNameRange     '0.3.1',
125 silly addNameRange     '0.3.2',
125 silly addNameRange     '0.4.0',
125 silly addNameRange     '0.4.1',
125 silly addNameRange     '0.4.2',
125 silly addNameRange     '0.4.3',
125 silly addNameRange     '0.4.4',
125 silly addNameRange     '0.5.0',
125 silly addNameRange     '0.5.1',
125 silly addNameRange     '0.5.2',
125 silly addNameRange     '0.6.0',
125 silly addNameRange     '0.7.0',
125 silly addNameRange     '0.7.1',
125 silly addNameRange     '0.8.0',
125 silly addNameRange     '1.0.0',
125 silly addNameRange     '1.1.0',
125 silly addNameRange     '1.1.1',
125 silly addNameRange     '1.1.2',
125 silly addNameRange     '1.2.0',
125 silly addNameRange     '1.3.0',
125 silly addNameRange     '1.4.0',
125 silly addNameRange     '1.4.1',
125 silly addNameRange     '1.5.0',
125 silly addNameRange     '1.4.2',
125 silly addNameRange     '1.4.3',
125 silly addNameRange     '1.5.1',
125 silly addNameRange     '1.5.2',
125 silly addNameRange     '1.6.0',
125 silly addNameRange     '1.5.3',
125 silly addNameRange     '1.6.1',
125 silly addNameRange     '1.6.2',
125 silly addNameRange     '1.7.0',
125 silly addNameRange     '1.8.0',
125 silly addNameRange     '1.8.1',
125 silly addNameRange     '1.8.2',
125 silly addNameRange     '1.8.3',
125 silly addNameRange     '1.8.4',
125 silly addNameRange     '1.9.0',
125 silly addNameRange     '2.0.0',
125 silly addNameRange     '2.0.1',
125 silly addNameRange     '2.0.2',
125 silly addNameRange     '2.0.3',
125 silly addNameRange     '2.0.4',
125 silly addNameRange     '2.0.5',
125 silly addNameRange     '2.0.6',
125 silly addNameRange     '2.0.7',
125 silly addNameRange     '2.0.8',
125 silly addNameRange     '2.0.9',
125 silly addNameRange     '2.1.0',
125 silly addNameRange     '2.2.0' ] ]
126 silly addNamed nan@2.2.0
127 verbose addNamed "2.2.0" is a plain semver version for nan
128 silly cache afterAdd nan@2.2.0
129 verbose afterAdd /home/up4all/.npm/nan/2.2.0/package/package.json not in flight; writing
130 verbose correctMkdir /home/up4all/.npm correctMkdir not in flight; initializing
131 verbose afterAdd /home/up4all/.npm/nan/2.2.0/package/package.json written
132 silly loadAllDepsIntoIdealTree Finishing
133 silly idealTree:prePrune spaza-app@0.0.0
133 silly idealTree:prePrune ├─┬ bcrypt@0.8.5
133 silly idealTree:prePrune │ ├── bindings@1.2.1
133 silly idealTree:prePrune │ └── nan@2.0.5
133 silly idealTree:prePrune ├── bluebird@2.10.2
133 silly idealTree:prePrune ├─┬ body-parser@1.13.3
133 silly idealTree:prePrune │ ├── bytes@2.1.0
133 silly idealTree:prePrune │ ├── content-type@1.0.1
133 silly idealTree:prePrune │ ├─┬ debug@2.2.0
133 silly idealTree:prePrune │ │ └── ms@0.7.1
133 silly idealTree:prePrune │ ├── depd@1.0.1
133 silly idealTree:prePrune │ ├─┬ http-errors@1.3.1
133 silly idealTree:prePrune │ │ ├── inherits@2.0.1
133 silly idealTree:prePrune │ │ └── statuses@1.2.1
133 silly idealTree:prePrune │ ├── iconv-lite@0.4.11
133 silly idealTree:prePrune │ ├─┬ on-finished@2.3.0
133 silly idealTree:prePrune │ │ └── ee-first@1.1.1
133 silly idealTree:prePrune │ ├── qs@4.0.0
133 silly idealTree:prePrune │ ├─┬ raw-body@2.1.4
133 silly idealTree:prePrune │ │ ├── iconv-lite@0.4.12
133 silly idealTree:prePrune │ │ └── unpipe@1.0.0
133 silly idealTree:prePrune │ └─┬ type-is@1.6.9
133 silly idealTree:prePrune │   ├── media-typer@0.3.0
133 silly idealTree:prePrune │   └─┬ mime-types@2.1.7
133 silly idealTree:prePrune │     └── mime-db@1.19.0
133 silly idealTree:prePrune ├── canvas@1.3.12
133 silly idealTree:prePrune ├─┬ connection-provider@1.0.1
133 silly idealTree:prePrune │ ├─┬ mongodb@2.1.4
133 silly idealTree:prePrune │ │ ├── es6-promise@3.0.2
133 silly idealTree:prePrune │ │ ├─┬ mongodb-core@1.2.32
133 silly idealTree:prePrune │ │ │ └── bson@0.4.21
133 silly idealTree:prePrune │ │ └─┬ readable-stream@1.0.31
133 silly idealTree:prePrune │ │   ├── core-util-is@1.0.2
133 silly idealTree:prePrune │ │   ├── inherits@2.0.1
133 silly idealTree:prePrune │ │   ├── isarray@0.0.1
133 silly idealTree:prePrune │ │   └── string_decoder@0.10.31
133 silly idealTree:prePrune │ └─┬ mysql@2.10.2
133 silly idealTree:prePrune │   ├── bignumber.js@2.1.4
133 silly idealTree:prePrune │   └─┬ readable-stream@1.1.13
133 silly idealTree:prePrune │     ├── core-util-is@1.0.2
133 silly idealTree:prePrune │     ├── inherits@2.0.1
133 silly idealTree:prePrune │     ├── isarray@0.0.1
133 silly idealTree:prePrune │     └── string_decoder@0.10.31
133 silly idealTree:prePrune ├─┬ cookie-parser@1.4.0
133 silly idealTree:prePrune │ ├── cookie-signature@1.0.6
133 silly idealTree:prePrune │ └── cookie@0.2.2
133 silly idealTree:prePrune ├─┬ cookie-session@1.2.0
133 silly idealTree:prePrune │ ├─┬ cookies@0.5.0
133 silly idealTree:prePrune │ │ └── keygrip@1.0.1
133 silly idealTree:prePrune │ ├─┬ debug@2.2.0
133 silly idealTree:prePrune │ │ └── ms@0.7.1
133 silly idealTree:prePrune │ └── on-headers@1.0.1
133 silly idealTree:prePrune ├─┬ express-handlebars@2.0.1
133 silly idealTree:prePrune │ ├─┬ glob@5.0.15
133 silly idealTree:prePrune │ │ ├─┬ inflight@1.0.4
133 silly idealTree:prePrune │ │ │ └── wrappy@1.0.1
133 silly idealTree:prePrune │ │ ├── inherits@2.0.1
133 silly idealTree:prePrune │ │ ├─┬ minimatch@3.0.0
133 silly idealTree:prePrune │ │ │ └─┬ brace-expansion@1.1.1
133 silly idealTree:prePrune │ │ │   ├── balanced-match@0.2.0
133 silly idealTree:prePrune │ │ │   └── concat-map@0.0.1
133 silly idealTree:prePrune │ │ ├─┬ once@1.3.2
133 silly idealTree:prePrune │ │ │ └── wrappy@1.0.1
133 silly idealTree:prePrune │ │ └── path-is-absolute@1.0.0
133 silly idealTree:prePrune │ ├── graceful-fs@3.0.8
133 silly idealTree:prePrune │ ├─┬ handlebars@3.0.3
133 silly idealTree:prePrune │ │ ├─┬ optimist@0.6.1
133 silly idealTree:prePrune │ │ │ ├── minimist@0.0.10
133 silly idealTree:prePrune │ │ │ └── wordwrap@0.0.3
133 silly idealTree:prePrune │ │ ├─┬ source-map@0.1.43
133 silly idealTree:prePrune │ │ │ └── amdefine@1.0.0
133 silly idealTree:prePrune │ │ └─┬ uglify-js@2.3.6
133 silly idealTree:prePrune │ │   ├── async@0.2.10
133 silly idealTree:prePrune │ │   └─┬ optimist@0.3.7
133 silly idealTree:prePrune │ │     └── wordwrap@0.0.3
133 silly idealTree:prePrune │ ├─┬ object.assign@1.1.1
133 silly idealTree:prePrune │ │ └── object-keys@1.0.7
133 silly idealTree:prePrune │ └─┬ promise@6.1.0
133 silly idealTree:prePrune │   └── asap@1.0.0
133 silly idealTree:prePrune ├── express-myconnection@1.0.4
133 silly idealTree:prePrune ├─┬ express-session@1.11.3
133 silly idealTree:prePrune │ ├── cookie-signature@1.0.6
133 silly idealTree:prePrune │ ├── cookie@0.1.3
133 silly idealTree:prePrune │ ├── crc@3.3.0
133 silly idealTree:prePrune │ ├─┬ debug@2.2.0
133 silly idealTree:prePrune │ │ └── ms@0.7.1
133 silly idealTree:prePrune │ ├── depd@1.0.1
133 silly idealTree:prePrune │ ├── on-headers@1.0.1
133 silly idealTree:prePrune │ ├── parseurl@1.3.0
133 silly idealTree:prePrune │ ├─┬ uid-safe@2.0.0
133 silly idealTree:prePrune │ │ └── base64-url@1.2.1
133 silly idealTree:prePrune │ └── utils-merge@1.0.0
133 silly idealTree:prePrune ├── express-useragent@0.2.4
133 silly idealTree:prePrune ├─┬ express@4.13.3
133 silly idealTree:prePrune │ ├─┬ accepts@1.2.13
133 silly idealTree:prePrune │ │ ├─┬ mime-types@2.1.7
133 silly idealTree:prePrune │ │ │ └── mime-db@1.19.0
133 silly idealTree:prePrune │ │ └── negotiator@0.5.3
133 silly idealTree:prePrune │ ├── array-flatten@1.1.1
133 silly idealTree:prePrune │ ├── content-disposition@0.5.0
133 silly idealTree:prePrune │ ├── content-type@1.0.1
133 silly idealTree:prePrune │ ├── cookie-signature@1.0.6
133 silly idealTree:prePrune │ ├── cookie@0.1.3
133 silly idealTree:prePrune │ ├─┬ debug@2.2.0
133 silly idealTree:prePrune │ │ └── ms@0.7.1
133 silly idealTree:prePrune │ ├── depd@1.0.1
133 silly idealTree:prePrune │ ├── escape-html@1.0.2
133 silly idealTree:prePrune │ ├── etag@1.7.0
133 silly idealTree:prePrune │ ├─┬ finalhandler@0.4.0
133 silly idealTree:prePrune │ │ └── unpipe@1.0.0
133 silly idealTree:prePrune │ ├── fresh@0.3.0
133 silly idealTree:prePrune │ ├── merge-descriptors@1.0.0
133 silly idealTree:prePrune │ ├── methods@1.1.1
133 silly idealTree:prePrune │ ├─┬ on-finished@2.3.0
133 silly idealTree:prePrune │ │ └── ee-first@1.1.1
133 silly idealTree:prePrune │ ├── parseurl@1.3.0
133 silly idealTree:prePrune │ ├── path-to-regexp@0.1.7
133 silly idealTree:prePrune │ ├─┬ proxy-addr@1.0.8
133 silly idealTree:prePrune │ │ ├── forwarded@0.1.0
133 silly idealTree:prePrune │ │ └── ipaddr.js@1.0.1
133 silly idealTree:prePrune │ ├── qs@4.0.0
133 silly idealTree:prePrune │ ├── range-parser@1.0.2
133 silly idealTree:prePrune │ ├─┬ send@0.13.0
133 silly idealTree:prePrune │ │ ├── destroy@1.0.3
133 silly idealTree:prePrune │ │ ├─┬ http-errors@1.3.1
133 silly idealTree:prePrune │ │ │ └── inherits@2.0.1
133 silly idealTree:prePrune │ │ ├── mime@1.3.4
133 silly idealTree:prePrune │ │ ├── ms@0.7.1
133 silly idealTree:prePrune │ │ └── statuses@1.2.1
133 silly idealTree:prePrune │ ├── serve-static@1.10.0
133 silly idealTree:prePrune │ ├─┬ type-is@1.6.9
133 silly idealTree:prePrune │ │ ├── media-typer@0.3.0
133 silly idealTree:prePrune │ │ └─┬ mime-types@2.1.7
133 silly idealTree:prePrune │ │   └── mime-db@1.19.0
133 silly idealTree:prePrune │ ├── utils-merge@1.0.0
133 silly idealTree:prePrune │ └── vary@1.0.1
133 silly idealTree:prePrune ├─┬ git@0.1.5
133 silly idealTree:prePrune │ └── mime@1.2.9
133 silly idealTree:prePrune ├── lodash@3.10.1
133 silly idealTree:prePrune ├─┬ mysql@2.10.2
133 silly idealTree:prePrune │ ├── bignumber.js@2.1.4
133 silly idealTree:prePrune │ └─┬ readable-stream@1.1.13
133 silly idealTree:prePrune │   ├── core-util-is@1.0.2
133 silly idealTree:prePrune │   ├── inherits@2.0.1
133 silly idealTree:prePrune │   ├── isarray@0.0.1
133 silly idealTree:prePrune │   └── string_decoder@0.10.31
133 silly idealTree:prePrune ├── nan@2.2.0
133 silly idealTree:prePrune ├── node@0.0.0
133 silly idealTree:prePrune └── qr-js@1.1.4
134 silly loadIdealTree Finishing
135 silly currentTree spaza-app@0.0.0
135 silly currentTree ├─┬ bcrypt@0.8.5
135 silly currentTree │ ├── bindings@1.2.1
135 silly currentTree │ └── nan@2.0.5
135 silly currentTree ├── bluebird@2.10.2
135 silly currentTree ├─┬ body-parser@1.13.3
135 silly currentTree │ ├── bytes@2.1.0
135 silly currentTree │ ├── content-type@1.0.1
135 silly currentTree │ ├─┬ debug@2.2.0
135 silly currentTree │ │ └── ms@0.7.1
135 silly currentTree │ ├── depd@1.0.1
135 silly currentTree │ ├─┬ http-errors@1.3.1
135 silly currentTree │ │ ├── inherits@2.0.1
135 silly currentTree │ │ └── statuses@1.2.1
135 silly currentTree │ ├── iconv-lite@0.4.11
135 silly currentTree │ ├─┬ on-finished@2.3.0
135 silly currentTree │ │ └── ee-first@1.1.1
135 silly currentTree │ ├── qs@4.0.0
135 silly currentTree │ ├─┬ raw-body@2.1.4
135 silly currentTree │ │ ├── iconv-lite@0.4.12
135 silly currentTree │ │ └── unpipe@1.0.0
135 silly currentTree │ └─┬ type-is@1.6.9
135 silly currentTree │   ├── media-typer@0.3.0
135 silly currentTree │   └─┬ mime-types@2.1.7
135 silly currentTree │     └── mime-db@1.19.0
135 silly currentTree ├─┬ connection-provider@1.0.1
135 silly currentTree │ ├─┬ mongodb@2.1.4
135 silly currentTree │ │ ├── es6-promise@3.0.2
135 silly currentTree │ │ ├─┬ mongodb-core@1.2.32
135 silly currentTree │ │ │ └── bson@0.4.21
135 silly currentTree │ │ └─┬ readable-stream@1.0.31
135 silly currentTree │ │   ├── core-util-is@1.0.2
135 silly currentTree │ │   ├── inherits@2.0.1
135 silly currentTree │ │   ├── isarray@0.0.1
135 silly currentTree │ │   └── string_decoder@0.10.31
135 silly currentTree │ └─┬ mysql@2.10.2
135 silly currentTree │   ├── bignumber.js@2.1.4
135 silly currentTree │   └─┬ readable-stream@1.1.13
135 silly currentTree │     ├── core-util-is@1.0.2
135 silly currentTree │     ├── inherits@2.0.1
135 silly currentTree │     ├── isarray@0.0.1
135 silly currentTree │     └── string_decoder@0.10.31
135 silly currentTree ├─┬ cookie-parser@1.4.0
135 silly currentTree │ ├── cookie-signature@1.0.6
135 silly currentTree │ └── cookie@0.2.2
135 silly currentTree ├─┬ cookie-session@1.2.0
135 silly currentTree │ ├─┬ cookies@0.5.0
135 silly currentTree │ │ └── keygrip@1.0.1
135 silly currentTree │ ├─┬ debug@2.2.0
135 silly currentTree │ │ └── ms@0.7.1
135 silly currentTree │ └── on-headers@1.0.1
135 silly currentTree ├─┬ express-handlebars@2.0.1
135 silly currentTree │ ├─┬ glob@5.0.15
135 silly currentTree │ │ ├─┬ inflight@1.0.4
135 silly currentTree │ │ │ └── wrappy@1.0.1
135 silly currentTree │ │ ├── inherits@2.0.1
135 silly currentTree │ │ ├─┬ minimatch@3.0.0
135 silly currentTree │ │ │ └─┬ brace-expansion@1.1.1
135 silly currentTree │ │ │   ├── balanced-match@0.2.0
135 silly currentTree │ │ │   └── concat-map@0.0.1
135 silly currentTree │ │ ├─┬ once@1.3.2
135 silly currentTree │ │ │ └── wrappy@1.0.1
135 silly currentTree │ │ └── path-is-absolute@1.0.0
135 silly currentTree │ ├── graceful-fs@3.0.8
135 silly currentTree │ ├─┬ handlebars@3.0.3
135 silly currentTree │ │ ├─┬ optimist@0.6.1
135 silly currentTree │ │ │ ├── minimist@0.0.10
135 silly currentTree │ │ │ └── wordwrap@0.0.3
135 silly currentTree │ │ ├─┬ source-map@0.1.43
135 silly currentTree │ │ │ └── amdefine@1.0.0
135 silly currentTree │ │ └─┬ uglify-js@2.3.6
135 silly currentTree │ │   ├── async@0.2.10
135 silly currentTree │ │   └─┬ optimist@0.3.7
135 silly currentTree │ │     └── wordwrap@0.0.3
135 silly currentTree │ ├─┬ object.assign@1.1.1
135 silly currentTree │ │ └── object-keys@1.0.7
135 silly currentTree │ └─┬ promise@6.1.0
135 silly currentTree │   └── asap@1.0.0
135 silly currentTree ├── express-myconnection@1.0.4
135 silly currentTree ├─┬ express-session@1.11.3
135 silly currentTree │ ├── cookie-signature@1.0.6
135 silly currentTree │ ├── cookie@0.1.3
135 silly currentTree │ ├── crc@3.3.0
135 silly currentTree │ ├─┬ debug@2.2.0
135 silly currentTree │ │ └── ms@0.7.1
135 silly currentTree │ ├── depd@1.0.1
135 silly currentTree │ ├── on-headers@1.0.1
135 silly currentTree │ ├── parseurl@1.3.0
135 silly currentTree │ ├─┬ uid-safe@2.0.0
135 silly currentTree │ │ └── base64-url@1.2.1
135 silly currentTree │ └── utils-merge@1.0.0
135 silly currentTree ├── express-useragent@0.2.4
135 silly currentTree ├─┬ express@4.13.3
135 silly currentTree │ ├─┬ accepts@1.2.13
135 silly currentTree │ │ ├─┬ mime-types@2.1.7
135 silly currentTree │ │ │ └── mime-db@1.19.0
135 silly currentTree │ │ └── negotiator@0.5.3
135 silly currentTree │ ├── array-flatten@1.1.1
135 silly currentTree │ ├── content-disposition@0.5.0
135 silly currentTree │ ├── content-type@1.0.1
135 silly currentTree │ ├── cookie-signature@1.0.6
135 silly currentTree │ ├── cookie@0.1.3
135 silly currentTree │ ├─┬ debug@2.2.0
135 silly currentTree │ │ └── ms@0.7.1
135 silly currentTree │ ├── depd@1.0.1
135 silly currentTree │ ├── escape-html@1.0.2
135 silly currentTree │ ├── etag@1.7.0
135 silly currentTree │ ├─┬ finalhandler@0.4.0
135 silly currentTree │ │ └── unpipe@1.0.0
135 silly currentTree │ ├── fresh@0.3.0
135 silly currentTree │ ├── merge-descriptors@1.0.0
135 silly currentTree │ ├── methods@1.1.1
135 silly currentTree │ ├─┬ on-finished@2.3.0
135 silly currentTree │ │ └── ee-first@1.1.1
135 silly currentTree │ ├── parseurl@1.3.0
135 silly currentTree │ ├── path-to-regexp@0.1.7
135 silly currentTree │ ├─┬ proxy-addr@1.0.8
135 silly currentTree │ │ ├── forwarded@0.1.0
135 silly currentTree │ │ └── ipaddr.js@1.0.1
135 silly currentTree │ ├── qs@4.0.0
135 silly currentTree │ ├── range-parser@1.0.2
135 silly currentTree │ ├─┬ send@0.13.0
135 silly currentTree │ │ ├── destroy@1.0.3
135 silly currentTree │ │ ├─┬ http-errors@1.3.1
135 silly currentTree │ │ │ └── inherits@2.0.1
135 silly currentTree │ │ ├── mime@1.3.4
135 silly currentTree │ │ ├── ms@0.7.1
135 silly currentTree │ │ └── statuses@1.2.1
135 silly currentTree │ ├── serve-static@1.10.0
135 silly currentTree │ ├─┬ type-is@1.6.9
135 silly currentTree │ │ ├── media-typer@0.3.0
135 silly currentTree │ │ └─┬ mime-types@2.1.7
135 silly currentTree │ │   └── mime-db@1.19.0
135 silly currentTree │ ├── utils-merge@1.0.0
135 silly currentTree │ └── vary@1.0.1
135 silly currentTree ├─┬ git@0.1.5
135 silly currentTree │ └── mime@1.2.9
135 silly currentTree ├── lodash@3.10.1
135 silly currentTree ├─┬ mysql@2.10.2
135 silly currentTree │ ├── bignumber.js@2.1.4
135 silly currentTree │ └─┬ readable-stream@1.1.13
135 silly currentTree │   ├── core-util-is@1.0.2
135 silly currentTree │   ├── inherits@2.0.1
135 silly currentTree │   ├── isarray@0.0.1
135 silly currentTree │   └── string_decoder@0.10.31
135 silly currentTree └── node@0.0.0
136 silly idealTree spaza-app@0.0.0
136 silly idealTree ├─┬ bcrypt@0.8.5
136 silly idealTree │ ├── bindings@1.2.1
136 silly idealTree │ └── nan@2.0.5
136 silly idealTree ├── bluebird@2.10.2
136 silly idealTree ├─┬ body-parser@1.13.3
136 silly idealTree │ ├── bytes@2.1.0
136 silly idealTree │ ├── content-type@1.0.1
136 silly idealTree │ ├─┬ debug@2.2.0
136 silly idealTree │ │ └── ms@0.7.1
136 silly idealTree │ ├── depd@1.0.1
136 silly idealTree │ ├─┬ http-errors@1.3.1
136 silly idealTree │ │ ├── inherits@2.0.1
136 silly idealTree │ │ └── statuses@1.2.1
136 silly idealTree │ ├── iconv-lite@0.4.11
136 silly idealTree │ ├─┬ on-finished@2.3.0
136 silly idealTree │ │ └── ee-first@1.1.1
136 silly idealTree │ ├── qs@4.0.0
136 silly idealTree │ ├─┬ raw-body@2.1.4
136 silly idealTree │ │ ├── iconv-lite@0.4.12
136 silly idealTree │ │ └── unpipe@1.0.0
136 silly idealTree │ └─┬ type-is@1.6.9
136 silly idealTree │   ├── media-typer@0.3.0
136 silly idealTree │   └─┬ mime-types@2.1.7
136 silly idealTree │     └── mime-db@1.19.0
136 silly idealTree ├── canvas@1.3.12
136 silly idealTree ├─┬ connection-provider@1.0.1
136 silly idealTree │ ├─┬ mongodb@2.1.4
136 silly idealTree │ │ ├── es6-promise@3.0.2
136 silly idealTree │ │ ├─┬ mongodb-core@1.2.32
136 silly idealTree │ │ │ └── bson@0.4.21
136 silly idealTree │ │ └─┬ readable-stream@1.0.31
136 silly idealTree │ │   ├── core-util-is@1.0.2
136 silly idealTree │ │   ├── inherits@2.0.1
136 silly idealTree │ │   ├── isarray@0.0.1
136 silly idealTree │ │   └── string_decoder@0.10.31
136 silly idealTree │ └─┬ mysql@2.10.2
136 silly idealTree │   ├── bignumber.js@2.1.4
136 silly idealTree │   └─┬ readable-stream@1.1.13
136 silly idealTree │     ├── core-util-is@1.0.2
136 silly idealTree │     ├── inherits@2.0.1
136 silly idealTree │     ├── isarray@0.0.1
136 silly idealTree │     └── string_decoder@0.10.31
136 silly idealTree ├─┬ cookie-parser@1.4.0
136 silly idealTree │ ├── cookie-signature@1.0.6
136 silly idealTree │ └── cookie@0.2.2
136 silly idealTree ├─┬ cookie-session@1.2.0
136 silly idealTree │ ├─┬ cookies@0.5.0
136 silly idealTree │ │ └── keygrip@1.0.1
136 silly idealTree │ ├─┬ debug@2.2.0
136 silly idealTree │ │ └── ms@0.7.1
136 silly idealTree │ └── on-headers@1.0.1
136 silly idealTree ├─┬ express-handlebars@2.0.1
136 silly idealTree │ ├─┬ glob@5.0.15
136 silly idealTree │ │ ├─┬ inflight@1.0.4
136 silly idealTree │ │ │ └── wrappy@1.0.1
136 silly idealTree │ │ ├── inherits@2.0.1
136 silly idealTree │ │ ├─┬ minimatch@3.0.0
136 silly idealTree │ │ │ └─┬ brace-expansion@1.1.1
136 silly idealTree │ │ │   ├── balanced-match@0.2.0
136 silly idealTree │ │ │   └── concat-map@0.0.1
136 silly idealTree │ │ ├─┬ once@1.3.2
136 silly idealTree │ │ │ └── wrappy@1.0.1
136 silly idealTree │ │ └── path-is-absolute@1.0.0
136 silly idealTree │ ├── graceful-fs@3.0.8
136 silly idealTree │ ├─┬ handlebars@3.0.3
136 silly idealTree │ │ ├─┬ optimist@0.6.1
136 silly idealTree │ │ │ ├── minimist@0.0.10
136 silly idealTree │ │ │ └── wordwrap@0.0.3
136 silly idealTree │ │ ├─┬ source-map@0.1.43
136 silly idealTree │ │ │ └── amdefine@1.0.0
136 silly idealTree │ │ └─┬ uglify-js@2.3.6
136 silly idealTree │ │   ├── async@0.2.10
136 silly idealTree │ │   └─┬ optimist@0.3.7
136 silly idealTree │ │     └── wordwrap@0.0.3
136 silly idealTree │ ├─┬ object.assign@1.1.1
136 silly idealTree │ │ └── object-keys@1.0.7
136 silly idealTree │ └─┬ promise@6.1.0
136 silly idealTree │   └── asap@1.0.0
136 silly idealTree ├── express-myconnection@1.0.4
136 silly idealTree ├─┬ express-session@1.11.3
136 silly idealTree │ ├── cookie-signature@1.0.6
136 silly idealTree │ ├── cookie@0.1.3
136 silly idealTree │ ├── crc@3.3.0
136 silly idealTree │ ├─┬ debug@2.2.0
136 silly idealTree │ │ └── ms@0.7.1
136 silly idealTree │ ├── depd@1.0.1
136 silly idealTree │ ├── on-headers@1.0.1
136 silly idealTree │ ├── parseurl@1.3.0
136 silly idealTree │ ├─┬ uid-safe@2.0.0
136 silly idealTree │ │ └── base64-url@1.2.1
136 silly idealTree │ └── utils-merge@1.0.0
136 silly idealTree ├── express-useragent@0.2.4
136 silly idealTree ├─┬ express@4.13.3
136 silly idealTree │ ├─┬ accepts@1.2.13
136 silly idealTree │ │ ├─┬ mime-types@2.1.7
136 silly idealTree │ │ │ └── mime-db@1.19.0
136 silly idealTree │ │ └── negotiator@0.5.3
136 silly idealTree │ ├── array-flatten@1.1.1
136 silly idealTree │ ├── content-disposition@0.5.0
136 silly idealTree │ ├── content-type@1.0.1
136 silly idealTree │ ├── cookie-signature@1.0.6
136 silly idealTree │ ├── cookie@0.1.3
136 silly idealTree │ ├─┬ debug@2.2.0
136 silly idealTree │ │ └── ms@0.7.1
136 silly idealTree │ ├── depd@1.0.1
136 silly idealTree │ ├── escape-html@1.0.2
136 silly idealTree │ ├── etag@1.7.0
136 silly idealTree │ ├─┬ finalhandler@0.4.0
136 silly idealTree │ │ └── unpipe@1.0.0
136 silly idealTree │ ├── fresh@0.3.0
136 silly idealTree │ ├── merge-descriptors@1.0.0
136 silly idealTree │ ├── methods@1.1.1
136 silly idealTree │ ├─┬ on-finished@2.3.0
136 silly idealTree │ │ └── ee-first@1.1.1
136 silly idealTree │ ├── parseurl@1.3.0
136 silly idealTree │ ├── path-to-regexp@0.1.7
136 silly idealTree │ ├─┬ proxy-addr@1.0.8
136 silly idealTree │ │ ├── forwarded@0.1.0
136 silly idealTree │ │ └── ipaddr.js@1.0.1
136 silly idealTree │ ├── qs@4.0.0
136 silly idealTree │ ├── range-parser@1.0.2
136 silly idealTree │ ├─┬ send@0.13.0
136 silly idealTree │ │ ├── destroy@1.0.3
136 silly idealTree │ │ ├─┬ http-errors@1.3.1
136 silly idealTree │ │ │ └── inherits@2.0.1
136 silly idealTree │ │ ├── mime@1.3.4
136 silly idealTree │ │ ├── ms@0.7.1
136 silly idealTree │ │ └── statuses@1.2.1
136 silly idealTree │ ├── serve-static@1.10.0
136 silly idealTree │ ├─┬ type-is@1.6.9
136 silly idealTree │ │ ├── media-typer@0.3.0
136 silly idealTree │ │ └─┬ mime-types@2.1.7
136 silly idealTree │ │   └── mime-db@1.19.0
136 silly idealTree │ ├── utils-merge@1.0.0
136 silly idealTree │ └── vary@1.0.1
136 silly idealTree ├─┬ git@0.1.5
136 silly idealTree │ └── mime@1.2.9
136 silly idealTree ├── lodash@3.10.1
136 silly idealTree ├─┬ mysql@2.10.2
136 silly idealTree │ ├── bignumber.js@2.1.4
136 silly idealTree │ └─┬ readable-stream@1.1.13
136 silly idealTree │   ├── core-util-is@1.0.2
136 silly idealTree │   ├── inherits@2.0.1
136 silly idealTree │   ├── isarray@0.0.1
136 silly idealTree │   └── string_decoder@0.10.31
136 silly idealTree ├── nan@2.2.0
136 silly idealTree ├── node@0.0.0
136 silly idealTree └── qr-js@1.1.4
137 silly generateActionsToTake Starting
138 silly install generateActionsToTake
139 silly generateActionsToTake Finishing
140 silly diffTrees action count 3
141 silly diffTrees add nan@2.2.0
142 silly diffTrees add canvas@1.3.12
143 silly diffTrees add qr-js@1.1.4
144 silly decomposeActions action count 24
145 silly decomposeActions fetch nan@2.2.0
146 silly decomposeActions extract nan@2.2.0
147 silly decomposeActions test nan@2.2.0
148 silly decomposeActions preinstall nan@2.2.0
149 silly decomposeActions build nan@2.2.0
150 silly decomposeActions install nan@2.2.0
151 silly decomposeActions postinstall nan@2.2.0
152 silly decomposeActions finalize nan@2.2.0
153 silly decomposeActions fetch canvas@1.3.12
154 silly decomposeActions extract canvas@1.3.12
155 silly decomposeActions test canvas@1.3.12
156 silly decomposeActions preinstall canvas@1.3.12
157 silly decomposeActions build canvas@1.3.12
158 silly decomposeActions install canvas@1.3.12
159 silly decomposeActions postinstall canvas@1.3.12
160 silly decomposeActions finalize canvas@1.3.12
161 silly decomposeActions fetch qr-js@1.1.4
162 silly decomposeActions extract qr-js@1.1.4
163 silly decomposeActions test qr-js@1.1.4
164 silly decomposeActions preinstall qr-js@1.1.4
165 silly decomposeActions build qr-js@1.1.4
166 silly decomposeActions install qr-js@1.1.4
167 silly decomposeActions postinstall qr-js@1.1.4
168 silly decomposeActions finalize qr-js@1.1.4
169 silly executeActions Starting
170 silly install executeActions
171 silly doSerial global-install 0
172 silly doParallel fetch 3
173 verbose correctMkdir /home/up4all/.npm/_locks correctMkdir not in flight; initializing
174 verbose lock using /home/up4all/.npm/_locks/staging-e1933d05ec8b40f2.lock for /home/up4all/Desktop/Projects/Qr-Ticket App/node_modules/.staging
175 silly doParallel extract 3
176 silly extract nan@2.2.0
177 silly extract canvas@1.3.12
178 silly extract qr-js@1.1.4
179 verbose unbuild node_modules/.staging/nan-3712d98d
180 verbose unbuild node_modules/.staging/canvas-7bfa1a50
181 verbose unbuild node_modules/.staging/qr-js-a127cc59
182 silly gentlyRm /home/up4all/Desktop/Projects/Qr-Ticket App/node_modules/.staging/nan-3712d98d is being purged from base /home/up4all/Desktop/Projects/Qr-Ticket App
183 verbose gentlyRm don't care about contents; nuking /home/up4all/Desktop/Projects/Qr-Ticket App/node_modules/.staging/nan-3712d98d
184 silly gentlyRm /home/up4all/Desktop/Projects/Qr-Ticket App/node_modules/.staging/canvas-7bfa1a50 is being purged from base /home/up4all/Desktop/Projects/Qr-Ticket App
185 verbose gentlyRm don't care about contents; nuking /home/up4all/Desktop/Projects/Qr-Ticket App/node_modules/.staging/canvas-7bfa1a50
186 silly gentlyRm /home/up4all/Desktop/Projects/Qr-Ticket App/node_modules/.staging/qr-js-a127cc59 is being purged from base /home/up4all/Desktop/Projects/Qr-Ticket App
187 verbose gentlyRm don't care about contents; nuking /home/up4all/Desktop/Projects/Qr-Ticket App/node_modules/.staging/qr-js-a127cc59
188 verbose tar unpack /home/up4all/.npm/nan/2.2.0/package.tgz
189 verbose tar unpacking to /home/up4all/Desktop/Projects/Qr-Ticket App/node_modules/.staging/nan-3712d98d
190 silly gentlyRm /home/up4all/Desktop/Projects/Qr-Ticket App/node_modules/.staging/nan-3712d98d is being purged
191 verbose gentlyRm don't care about contents; nuking /home/up4all/Desktop/Projects/Qr-Ticket App/node_modules/.staging/nan-3712d98d
192 verbose tar unpack /home/up4all/.npm/canvas/1.3.12/package.tgz
193 verbose tar unpacking to /home/up4all/Desktop/Projects/Qr-Ticket App/node_modules/.staging/canvas-7bfa1a50
194 silly gentlyRm /home/up4all/Desktop/Projects/Qr-Ticket App/node_modules/.staging/canvas-7bfa1a50 is being purged
195 verbose gentlyRm don't care about contents; nuking /home/up4all/Desktop/Projects/Qr-Ticket App/node_modules/.staging/canvas-7bfa1a50
196 verbose tar unpack /home/up4all/.npm/qr-js/1.1.4/package.tgz
197 verbose tar unpacking to /home/up4all/Desktop/Projects/Qr-Ticket App/node_modules/.staging/qr-js-a127cc59
198 silly gentlyRm /home/up4all/Desktop/Projects/Qr-Ticket App/node_modules/.staging/qr-js-a127cc59 is being purged
199 verbose gentlyRm don't care about contents; nuking /home/up4all/Desktop/Projects/Qr-Ticket App/node_modules/.staging/qr-js-a127cc59
200 silly gunzTarPerm modes [ '755', '644' ]
201 silly gunzTarPerm modes [ '755', '644' ]
202 silly gunzTarPerm modes [ '755', '644' ]
203 silly gunzTarPerm extractEntry package.json
204 silly gunzTarPerm extractEntry package.json
205 silly gunzTarPerm extractEntry package.json
206 silly gunzTarPerm extractEntry README.md
207 silly gunzTarPerm extractEntry include_dirs.js
208 silly gunzTarPerm extractEntry .npmignore
209 silly gunzTarPerm extractEntry index.js
210 silly gunzTarPerm extractEntry .npmignore
211 silly gunzTarPerm extractEntry README.md
212 silly gunzTarPerm extractEntry qr.js
213 silly gunzTarPerm extractEntry LICENSE.md
214 silly gunzTarPerm extractEntry .c9/.nakignore
215 silly gunzTarPerm extractEntry .c9/metadata/tab1
216 silly gunzTarPerm extractEntry .c9/metadata/workspace/package.json
217 silly gunzTarPerm extractEntry .c9/metadata/workspace/.npmignore
218 silly gunzTarPerm extractEntry .c9/metadata/workspace/README.md
219 silly gunzTarPerm extractEntry .c9/metadata/workspace/qr.js
220 silly gunzTarPerm extractEntry .c9/metadata/workspace/CHANGES.md
221 silly gunzTarPerm extractEntry .c9/metadata/workspace/LICENSE.md
222 silly gunzTarPerm extractEntry .c9/project.settings
223 silly gunzTarPerm extractEntry CHANGES.md
224 silly gunzTarPerm extractEntry nan_converters_pre_43_inl.h
225 silly gunzTarPerm extractEntry appveyor.yml
226 silly gunzTarPerm extractEntry doc/new.md
227 silly gunzTarPerm extractEntry Readme.md
228 silly gunzTarPerm extractEntry binding.gyp
229 silly gunzTarPerm extractEntry .travis.yml
230 silly gunzTarPerm extractEntry lib/bindings.js
231 silly gunzTarPerm extractEntry lib/canvas.js
232 silly gunzTarPerm extractEntry doc/.build.sh
233 silly gunzTarPerm extractEntry lib/context2d.js
234 silly gunzTarPerm extractEntry lib/image.js
235 silly gunzTarPerm extractEntry doc/buffers.md
236 silly gunzTarPerm extractEntry doc/callback.md
237 silly gunzTarPerm extractEntry lib/jpegstream.js
238 silly gunzTarPerm extractEntry lib/pngstream.js
239 silly gunzTarPerm extractEntry doc/converters.md
240 silly gunzTarPerm extractEntry doc/errors.md
241 silly gunzTarPerm extractEntry History.md
242 silly gunzTarPerm extractEntry src/Image.cc
243 silly gunzTarPerm extractEntry doc/maybe_types.md
244 silly gunzTarPerm extractEntry doc/methods.md
245 silly gunzTarPerm extractEntry src/Canvas.cc
246 silly gunzTarPerm extractEntry src/CanvasGradient.cc
247 silly gunzTarPerm extractEntry doc/asyncworker.md
248 silly gunzTarPerm extractEntry doc/node_misc.md
249 silly gunzTarPerm extractEntry src/CanvasGradient.h
250 silly gunzTarPerm extractEntry src/CanvasPattern.cc
251 silly gunzTarPerm extractEntry doc/object_wrappers.md
252 silly gunzTarPerm extractEntry doc/persistent.md
253 silly gunzTarPerm extractEntry doc/scopes.md
254 silly gunzTarPerm extractEntry doc/script.md
255 silly gunzTarPerm extractEntry src/CanvasPattern.h
256 silly gunzTarPerm extractEntry src/CanvasRenderingContext2d.cc
257 silly gunzTarPerm extractEntry doc/string_bytes.md
258 silly gunzTarPerm extractEntry doc/v8_internals.md
259 silly gunzTarPerm extractEntry src/CanvasRenderingContext2d.h
260 silly gunzTarPerm extractEntry src/FontFace.cc
261 silly gunzTarPerm extractEntry doc/v8_misc.md
262 silly gunzTarPerm extractEntry src/FontFace.h
263 silly gunzTarPerm extractEntry src/Canvas.h
264 silly gunzTarPerm extractEntry LICENSE.md
265 silly gunzTarPerm extractEntry nan.h
266 silly gunzTarPerm extractEntry src/Image.h
267 silly gunzTarPerm extractEntry src/ImageData.cc
268 silly gunzTarPerm extractEntry nan_callbacks.h
269 silly gunzTarPerm extractEntry nan_callbacks_12_inl.h
270 silly gunzTarPerm extractEntry nan_callbacks_pre_12_inl.h
271 silly gunzTarPerm extractEntry src/ImageData.h
272 silly gunzTarPerm extractEntry src/JPEGStream.h
273 silly gunzTarPerm extractEntry src/PNG.h
274 silly gunzTarPerm extractEntry nan_converters.h
275 silly gunzTarPerm extractEntry nan_converters_43_inl.h
276 silly gunzTarPerm extractEntry CHANGELOG.md
277 silly gunzTarPerm extractEntry nan_implementation_12_inl.h
278 silly gunzTarPerm extractEntry src/Point.h
279 silly gunzTarPerm extractEntry src/closure.h
280 silly gunzTarPerm extractEntry src/color.cc
281 silly gunzTarPerm extractEntry nan_implementation_pre_12_inl.h
282 silly gentlyRm /home/up4all/Desktop/Projects/Qr-Ticket App/node_modules/.staging/qr-js-a127cc59/node_modules is being purged
283 verbose gentlyRm don't care about contents; nuking /home/up4all/Desktop/Projects/Qr-Ticket App/node_modules/.staging/qr-js-a127cc59/node_modules
284 silly gunzTarPerm extractEntry nan_maybe_43_inl.h
285 silly gunzTarPerm extractEntry nan_maybe_pre_43_inl.h
286 silly gunzTarPerm extractEntry src/color.h
287 silly gunzTarPerm extractEntry src/init.cc
288 silly gunzTarPerm extractEntry nan_new.h
289 silly gunzTarPerm extractEntry nan_object_wrap.h
290 silly gunzTarPerm extractEntry util/has_lib.sh
291 silly gunzTarPerm extractEntry nan_persistent_12_inl.h
292 silly gunzTarPerm extractEntry nan_persistent_pre_12_inl.h
293 silly gunzTarPerm extractEntry nan_string_bytes.h
294 silly gunzTarPerm extractEntry nan_typedarray_contents.h
295 silly gunzTarPerm extractEntry nan_weak.h
296 silly gunzTarPerm extractEntry .dntrc
297 silly gunzTarPerm extractEntry tools/package.json
298 silly gunzTarPerm extractEntry tools/README.md
299 silly gunzTarPerm extractEntry tools/1to2.js
300 silly gentlyRm /home/up4all/Desktop/Projects/Qr-Ticket App/node_modules/.staging/canvas-7bfa1a50/node_modules is being purged
301 verbose gentlyRm don't care about contents; nuking /home/up4all/Desktop/Projects/Qr-Ticket App/node_modules/.staging/canvas-7bfa1a50/node_modules
302 silly gentlyRm /home/up4all/Desktop/Projects/Qr-Ticket App/node_modules/.staging/nan-3712d98d/node_modules is being purged
303 verbose gentlyRm don't care about contents; nuking /home/up4all/Desktop/Projects/Qr-Ticket App/node_modules/.staging/nan-3712d98d/node_modules
304 silly doParallel preinstall 3
305 silly preinstall nan@2.2.0 /home/up4all/Desktop/Projects/Qr-Ticket App/node_modules/.staging/nan-3712d98d
306 info lifecycle nan@2.2.0~preinstall: nan@2.2.0
307 silly preinstall canvas@1.3.12 /home/up4all/Desktop/Projects/Qr-Ticket App/node_modules/.staging/canvas-7bfa1a50
308 info lifecycle canvas@1.3.12~preinstall: canvas@1.3.12
309 silly preinstall qr-js@1.1.4 /home/up4all/Desktop/Projects/Qr-Ticket App/node_modules/.staging/qr-js-a127cc59
310 info lifecycle qr-js@1.1.4~preinstall: qr-js@1.1.4
311 silly lifecycle nan@2.2.0~preinstall: no script for preinstall, continuing
312 silly lifecycle canvas@1.3.12~preinstall: no script for preinstall, continuing
313 silly lifecycle qr-js@1.1.4~preinstall: no script for preinstall, continuing
314 silly doReverseSerial remove 0
315 silly doSerial move 0
316 silly doSerial finalize 3
317 silly finalize /home/up4all/Desktop/Projects/Qr-Ticket App/node_modules/nan
318 silly finalize /home/up4all/Desktop/Projects/Qr-Ticket App/node_modules/canvas
319 silly finalize /home/up4all/Desktop/Projects/Qr-Ticket App/node_modules/qr-js
320 silly doSerial build 3
321 silly build nan@2.2.0
322 info linkStuff nan@2.2.0
323 silly linkStuff nan@2.2.0 has /home/up4all/Desktop/Projects/Qr-Ticket App/node_modules as its parent node_modules
324 verbose linkBins nan@2.2.0
325 verbose linkMans nan@2.2.0
326 silly build canvas@1.3.12
327 info linkStuff canvas@1.3.12
328 silly linkStuff canvas@1.3.12 has /home/up4all/Desktop/Projects/Qr-Ticket App/node_modules as its parent node_modules
329 verbose linkBins canvas@1.3.12
330 verbose linkMans canvas@1.3.12
331 silly build qr-js@1.1.4
332 info linkStuff qr-js@1.1.4
333 silly linkStuff qr-js@1.1.4 has /home/up4all/Desktop/Projects/Qr-Ticket App/node_modules as its parent node_modules
334 verbose linkBins qr-js@1.1.4
335 verbose linkMans qr-js@1.1.4
336 silly doSerial global-link 0
337 silly doParallel update-linked 0
338 silly doSerial install 3
339 silly install nan@2.2.0 /home/up4all/Desktop/Projects/Qr-Ticket App/node_modules/.staging/nan-3712d98d
340 info lifecycle nan@2.2.0~install: nan@2.2.0
341 silly lifecycle nan@2.2.0~install: no script for install, continuing
342 silly install canvas@1.3.12 /home/up4all/Desktop/Projects/Qr-Ticket App/node_modules/.staging/canvas-7bfa1a50
343 info lifecycle canvas@1.3.12~install: canvas@1.3.12
344 verbose lifecycle canvas@1.3.12~install: unsafe-perm in lifecycle false
345 verbose lifecycle canvas@1.3.12~install: PATH: /usr/local/lib/node_modules/npm/bin/node-gyp-bin:/home/up4all/Desktop/Projects/Qr-Ticket App/node_modules/canvas/node_modules/.bin:/home/up4all/Desktop/Projects/Qr-Ticket App/node_modules/.bin:/usr/bin:/usr/local/sbin:/usr/local/bin:/usr/sbin:/usr/bin:/sbin:/bin
346 verbose lifecycle canvas@1.3.12~install: CWD: /home/up4all/Desktop/Projects/Qr-Ticket App/node_modules/canvas
347 silly lifecycle canvas@1.3.12~install: Args: [ '-c', 'node-gyp rebuild' ]
348 silly lifecycle canvas@1.3.12~install: Returned: code: 1  signal: null
349 info lifecycle canvas@1.3.12~install: Failed to exec install script
350 verbose unlock done using /home/up4all/.npm/_locks/staging-e1933d05ec8b40f2.lock for /home/up4all/Desktop/Projects/Qr-Ticket App/node_modules/.staging
351 silly rollbackFailedOptional Starting
352 silly rollbackFailedOptional Finishing
353 silly runTopLevelLifecycles Starting
354 silly runTopLevelLifecycles Finishing
355 silly install printInstalled
356 warn mongodb-core@1.2.32 requires a peer of kerberos@~0.0 but none was installed.
357 verbose stack Error: canvas@1.3.12 install: `node-gyp rebuild`
357 verbose stack Exit status 1
357 verbose stack     at EventEmitter.<anonymous> (/usr/local/lib/node_modules/npm/lib/utils/lifecycle.js:239:16)
357 verbose stack     at EventEmitter.emit (events.js:98:17)
357 verbose stack     at ChildProcess.<anonymous> (/usr/local/lib/node_modules/npm/lib/utils/spawn.js:24:14)
357 verbose stack     at ChildProcess.EventEmitter.emit (events.js:98:17)
357 verbose stack     at maybeClose (child_process.js:743:16)
357 verbose stack     at Process.ChildProcess._handle.onexit (child_process.js:810:5)
358 verbose pkgid canvas@1.3.12
359 verbose cwd /home/up4all/Desktop/Projects/Qr-Ticket App
360 error Linux 3.19.0-47-generic
361 error argv "node" "/usr/local/bin/npm" "install" "qr-js"
362 error node v0.10.25
363 error npm  v3.8.0
364 error code ELIFECYCLE
365 error canvas@1.3.12 install: `node-gyp rebuild`
365 error Exit status 1
366 error Failed at the canvas@1.3.12 install script 'node-gyp rebuild'.
366 error Make sure you have the latest version of node.js and npm installed.
366 error If you do, this is most likely a problem with the canvas package,
366 error not with npm itself.
366 error Tell the author that this fails on your system:
366 error     node-gyp rebuild
366 error You can get information on how to open an issue for this project with:
366 error     npm bugs canvas
366 error Or if that isn't available, you can get their info via:
366 error     npm owner ls canvas
366 error There is likely additional logging output above.
367 verbose exit [ 1, true ]
